1663230999281	geckodriver	INFO	Listening on 127.0.0.1:33597
1663231000080	mozrunner::runner	INFO	Running command: "/usr/bin/firefox" "--marionette" "-headless" "--headless" "--no-sandbox" "--disable-gpu" "--remote-debugging-port" "46087" "--remote-allow-hosts" "localhost" "-no-remote" "-profile" "/tmp/rust_mozprofilerl0a0D"
*** You are running in headless mode.
[GFX1-]: glxtest: VA-API test failed: failed to initialise VAAPI connection.
1663231000461	Marionette	INFO	Marionette enabled
1663231000464	Marionette	INFO	Listening on port 37999
WebDriver BiDi listening on ws://localhost:46087
Read port: 37999
1663231000541	RemoteAgent	WARN	TLS certificate errors will be ignored for this session
[GFX1-]: RenderCompositorSWGL failed mapping default framebuffer, no dt
console.warn: SearchSettings: "get: No settings file exists, new profile?" (new NotFoundError("Could not open the file at /tmp/rust_mozprofilerl0a0D/search.json.mozlz4", (void 0)))
Missing chrome or resource URL: resource://gre/modules/UpdateListener.sys.mjs
DevTools listening on ws://localhost:46087/devtools/browser/9bc6b1f3-bb29-42fd-921d-6819b1293b51
1663231060595	Marionette	INFO	Stopped listening on port 37999
Missing chrome or resource URL: resource://gre/modules/UpdateListener.sys.mjs
console.error: "Error during quit-application-granted: [Exception... \"File error: Not found\"  nsresult: \"0x80520012 (NS_ERROR_FILE_NOT_FOUND)\"  location: \"JS frame :: resource:///modules/BrowserGlue.jsm :: _onQuitApplicationGranted/tasks< :: line 2013\"  data: no]"
Sandbox: Unexpected EOF, op 0 flags 00 path /proc/cpuinfo
1663231077463	geckodriver	INFO	Listening on 127.0.0.1:54849
1663231077525	mozrunner::runner	INFO	Running command: "/usr/bin/firefox" "--marionette" "-headless" "--headless" "--no-sandbox" "--disable-gpu" "--remote-debugging-port" "53755" "--remote-allow-hosts" "localhost" "-no-remote" "-profile" "/tmp/rust_mozprofileFJwPXu"
*** You are running in headless mode.
[GFX1-]: glxtest: VA-API test failed: failed to initialise VAAPI connection.
1663231077807	Marionette	INFO	Marionette enabled
1663231077811	Marionette	INFO	Listening on port 33293
WebDriver BiDi listening on ws://localhost:53755
Read port: 33293
1663231077886	RemoteAgent	WARN	TLS certificate errors will be ignored for this session
[GFX1-]: RenderCompositorSWGL failed mapping default framebuffer, no dt
console.warn: SearchSettings: "get: No settings file exists, new profile?" (new NotFoundError("Could not open the file at /tmp/rust_mozprofileFJwPXu/search.json.mozlz4", (void 0)))
Missing chrome or resource URL: resource://gre/modules/UpdateListener.sys.mjs
DevTools listening on ws://localhost:53755/devtools/browser/3d4b632c-f3f8-4bfc-a685-cafa3e292dde
console.error: Region.jsm: "Error fetching region" (new Error("TIMEOUT", "resource://gre/modules/Region.jsm", 768))
console.error: Region.jsm: "Failed to fetch region" (new Error("TIMEOUT", "resource://gre/modules/Region.jsm", 420))
console.error: services.settings: 
  main/query-stripping Signature failed  TypeError: NetworkError: Network request failed
console.warn: LoginRecipes: "Falling back to a synchronous message for: https://my.its.ac.id."
console.warn: LoginRecipes: "Falling back to a synchronous message for: https://my.its.ac.id."
1663231122607	Marionette	INFO	Stopped listening on port 33293
Missing chrome or resource URL: resource://gre/modules/UpdateListener.sys.mjs
console.error: "Error during quit-application-granted: [Exception... \"File error: Not found\"  nsresult: \"0x80520012 (NS_ERROR_FILE_NOT_FOUND)\"  location: \"JS frame :: resource:///modules/BrowserGlue.jsm :: _onQuitApplicationGranted/tasks< :: line 2013\"  data: no]"
